<?xml version="1.0" encoding="UTF-8"?>
<!-- Generated by org.testng.reporters.JUnitReportReporter -->
<testsuite skipped="0" hostname="DESKTOP-EU16VGR" name="Mytest.test" tests="1" failures="0" timestamp="2019-12-17T21:43:45 IST" time="0.012" errors="0">
  <testcase name="fff" time="0.012" classname="Mytest.test"/>
</testsuite> <!-- Mytest.test -->
